<?xml version="1.0" encoding="UTF-8"?>
<testsuite xmlns:xsi="http://www.w3.org/2001/XMLSchema-instance" xsi:noNamespaceSchemaLocation="https://maven.apache.org/surefire/maven-surefire-plugin/xsd/surefire-test-report-3.0.xsd" version="3.0" name="com.example.ShipmentTest_Section1" time="0.135" tests="7" errors="0" skipped="0" failures="0">
  <properties>
[...]
</properties>
  <testcase name="sec1_totalCost" classname="com.example.ShipmentTest_Section1" time="0.065"/>
  <testcase name="sec1_express_1_5kg" classname="com.example.ShipmentTest_Section1" time="0.003"/>
  <testcase name="sec1_express_2kg" classname="com.example.ShipmentTest_Section1" time="0.002"/>
  <testcase name="sec1_standard_10kg" classname="com.example.ShipmentTest_Section1" time="0.002"/>
  <testcase name="sec1_zeroWeight" classname="com.example.ShipmentTest_Section1" time="0.002"/>
  <testcase name="sec1_standard_3kg" classname="com.example.ShipmentTest_Section1" time="0.002"/>
  <testcase name="sec1_standard_5kg" classname="com.example.ShipmentTest_Section1" time="0.002"/>
</testsuite>